<?xml version="1.0" encoding="UTF-8"?>
<!-- Generated by org.testng.reporters.JUnitReportReporter -->
<testsuite hostname="DESKTOP-TPR2490" name="org.test.NewTest" tests="1" failures="0" timestamp="18 May 2016 23:12:22 GMT" time="10.486" errors="0">
  <testcase name="testSearch" time="10.486" classname="org.test.NewTest"/>
</testsuite> <!-- org.test.NewTest -->
